<?xml version="1.0" encoding="UTF-8"?>
<testsuite xmlns:xsi="http://www.w3.org/2001/XMLSchema-instance" xsi:noNamespaceSchemaLocation="https://maven.apache.org/surefire/maven-surefire-plugin/xsd/surefire-test-report.xsd" version="3.0.2" name="com.devnexus.frauddetection.FraudDetectionApplicationTests" time="2.086" tests="1" errors="0" skipped="0" failures="0">
  <properties>
[...]
</properties>
  <testcase name="contextLoads" classname="com.devnexus.frauddetection.FraudDetectionApplicationTests" time="0.45">
    <system-out><![CDATA[13:41:29.194 [main] INFO org.springframework.test.context.support.AnnotationConfigContextLoaderUtils -- Could not detect default configuration classes for test class [com.devnexus.frauddetection.FraudDetectionApplicationTests]: FraudDetectionApplicationTests does not declare any static, non-private, non-final, nested classes annotated with @Configuration.
13:41:29.264 [main] INFO org.springframework.boot.test.context.SpringBootTestContextBootstrapper -- Found @SpringBootConfiguration com.devnexus.frauddetection.FraudDetectionApplication for test class com.devnexus.frauddetection.FraudDetectionApplicationTests

  .   ____          _            __ _ _
 /\\ / ___'_ __ _ _(_)_ __  __ _ \ \ \ \
( ( )\___ | '_ | '_| | '_ \/ _` | \ \ \ \
 \\/  ___)| |_)| | | | | || (_| |  ) ) ) )
  '  |____| .__|_| |_|_| |_\__, | / / / /
 =========|_|==============|___/=/_/_/_/

 :: Spring Boot ::                (v4.0.2)

2026-02-10T13:41:29.485Z  INFO 73525 --- [fraud-detection] [           main] c.d.f.FraudDetectionApplicationTests     : Starting FraudDetectionApplicationTests using Java 24 with PID 73525 (started by tim.kelly in /Users/tim.kelly/Documents/JavaProjects/fraud-detection-kafka-streams-vectors)
2026-02-10T13:41:29.486Z  INFO 73525 --- [fraud-detection] [           main] c.d.f.FraudDetectionApplicationTests     : No active profile set, falling back to 1 default profile: "default"
2026-02-10T13:41:29.927Z  INFO 73525 --- [fraud-detection] [           main] o.a.kafka.common.config.AbstractConfig   : StreamsConfig values: 
	acceptable.recovery.lag = 10000
	application.id = fraud-detection-streams
	application.server = 
	bootstrap.servers = [localhost:9092]
	buffered.records.per.partition = 1000
	built.in.metrics.version = latest
	cache.max.bytes.buffering = 0
	client.id = 
	commit.interval.ms = 100
	connections.max.idle.ms = 540000
	default.client.supplier = class org.apache.kafka.streams.processor.internals.DefaultKafkaClientSupplier
	default.deserialization.exception.handler = class com.devnexus.frauddetection.infrastructure.streams.handler.DlqDeserializationExceptionHandler
	default.dsl.store = rocksDB
	default.key.serde = null
	default.list.key.serde.inner = null
	default.list.key.serde.type = null
	default.list.value.serde.inner = null
	default.list.value.serde.type = null
	default.production.exception.handler = class org.apache.kafka.streams.errors.DefaultProductionExceptionHandler
	default.timestamp.extractor = class org.apache.kafka.streams.processor.FailOnInvalidTimestamp
	default.value.serde = null
	deserialization.exception.handler = class org.apache.kafka.streams.errors.LogAndFailExceptionHandler
	dsl.store.suppliers.class = class org.apache.kafka.streams.state.BuiltInDslStoreSuppliers$RocksDBDslStoreSuppliers
	enable.metrics.push = true
	ensure.explicit.internal.resource.naming = false
	group.protocol = classic
	log.summary.interval.ms = 120000
	max.task.idle.ms = 0
	max.warmup.replicas = 2
	metadata.max.age.ms = 300000
	metadata.recovery.rebootstrap.trigger.ms = 300000
	metadata.recovery.strategy = rebootstrap
	metric.reporters = [org.apache.kafka.common.metrics.JmxReporter]
	metrics.num.samples = 2
	metrics.recording.level = INFO
	metrics.sample.window.ms = 30000
	num.standby.replicas = 0
	num.stream.threads = 1
	poll.ms = 100
	probing.rebalance.interval.ms = 600000
	processing.exception.handler = class org.apache.kafka.streams.errors.LogAndFailProcessingExceptionHandler
	processing.guarantee = at_least_once
	processor.wrapper.class = class org.apache.kafka.streams.processor.internals.NoOpProcessorWrapper
	production.exception.handler = class org.apache.kafka.streams.errors.DefaultProductionExceptionHandler
	rack.aware.assignment.non_overlap_cost = null
	rack.aware.assignment.strategy = none
	rack.aware.assignment.tags = []
	rack.aware.assignment.traffic_cost = null
	receive.buffer.bytes = 32768
	reconnect.backoff.max.ms = 1000
	reconnect.backoff.ms = 50
	repartition.purge.interval.ms = 30000
	replication.factor = -1
	request.timeout.ms = 40000
	retry.backoff.ms = 100
	rocksdb.config.setter = null
	security.protocol = PLAINTEXT
	send.buffer.bytes = 131072
	state.cleanup.delay.ms = 600000
	state.dir = /tmp/kafka-streams-fraud
	statestore.cache.max.bytes = 10485760
	task.assignor.class = null
	task.timeout.ms = 300000
	topology.optimization = none
	upgrade.from = null
	window.size.ms = null
	windowed.inner.class.serde = null
	windowstore.changelog.additional.retention.ms = 86400000

2026-02-10T13:41:29.928Z  WARN 73525 --- [fraud-detection] [           main] o.a.k.s.internals.StreamsConfigUtils     : Deprecated config cache.max.bytes.buffering is set, and will be used; we suggest setting the new config statestore.cache.max.bytes instead as deprecated cache.max.bytes.buffering would be removed in the future.
2026-02-10T13:41:30.175Z  INFO 73525 --- [fraud-detection] [           main] o.a.kafka.common.config.AbstractConfig   : AdminClientConfig values: 
	bootstrap.controllers = []
	bootstrap.servers = [localhost:9092]
	client.dns.lookup = use_all_dns_ips
	client.id = fraud-detection-admin-0
	connections.max.idle.ms = 300000
	default.api.timeout.ms = 60000
	enable.metrics.push = false
	metadata.max.age.ms = 300000
	metadata.recovery.rebootstrap.trigger.ms = 300000
	metadata.recovery.strategy = rebootstrap
	metric.reporters = [org.apache.kafka.common.metrics.JmxReporter]
	metrics.num.samples = 2
	metrics.recording.level = INFO
	metrics.sample.window.ms = 30000
	receive.buffer.bytes = 65536
	reconnect.backoff.max.ms = 1000
	reconnect.backoff.ms = 50
	request.timeout.ms = 30000
	retries = 2147483647
	retry.backoff.max.ms = 1000
	retry.backoff.ms = 100
	sasl.client.callback.handler.class = null
	sasl.jaas.config = null
	sasl.kerberos.kinit.cmd = /usr/bin/kinit
	sasl.kerberos.min.time.before.relogin = 60000
	sasl.kerberos.service.name = null
	sasl.kerberos.ticket.renew.jitter = 0.05
	sasl.kerberos.ticket.renew.window.factor = 0.8
	sasl.login.callback.handler.class = null
	sasl.login.class = null
	sasl.login.connect.timeout.ms = null
	sasl.login.read.timeout.ms = null
	sasl.login.refresh.buffer.seconds = 300
	sasl.login.refresh.min.period.seconds = 60
	sasl.login.refresh.window.factor = 0.8
	sasl.login.refresh.window.jitter = 0.05
	sasl.login.retry.backoff.max.ms = 10000
	sasl.login.retry.backoff.ms = 100
	sasl.mechanism = GSSAPI
	sasl.oauthbearer.assertion.algorithm = RS256
	sasl.oauthbearer.assertion.claim.aud = null
	sasl.oauthbearer.assertion.claim.exp.seconds = 300
	sasl.oauthbearer.assertion.claim.iss = null
	sasl.oauthbearer.assertion.claim.jti.include = false
	sasl.oauthbearer.assertion.claim.nbf.seconds = 60
	sasl.oauthbearer.assertion.claim.sub = null
	sasl.oauthbearer.assertion.file = null
	sasl.oauthbearer.assertion.private.key.file = null
	sasl.oauthbearer.assertion.private.key.passphrase = null
	sasl.oauthbearer.assertion.template.file = null
	sasl.oauthbearer.client.credentials.client.id = null
	sasl.oauthbearer.client.credentials.client.secret = null
	sasl.oauthbearer.clock.skew.seconds = 30
	sasl.oauthbearer.expected.audience = null
	sasl.oauthbearer.expected.issuer = null
	sasl.oauthbearer.header.urlencode = false
	sasl.oauthbearer.jwks.endpoint.refresh.ms = 3600000
	sasl.oauthbearer.jwks.endpoint.retry.backoff.max.ms = 10000
	sasl.oauthbearer.jwks.endpoint.retry.backoff.ms = 100
	sasl.oauthbearer.jwks.endpoint.url = null
	sasl.oauthbearer.jwt.retriever.class = class org.apache.kafka.common.security.oauthbearer.DefaultJwtRetriever
	sasl.oauthbearer.jwt.validator.class = class org.apache.kafka.common.security.oauthbearer.DefaultJwtValidator
	sasl.oauthbearer.scope = null
	sasl.oauthbearer.scope.claim.name = scope
	sasl.oauthbearer.sub.claim.name = sub
	sasl.oauthbearer.token.endpoint.url = null
	security.protocol = PLAINTEXT
	security.providers = null
	send.buffer.bytes = 131072
	socket.connection.setup.timeout.max.ms = 30000
	socket.connection.setup.timeout.ms = 10000
	ssl.cipher.suites = null
	ssl.enabled.protocols = [TLSv1.2, TLSv1.3]
	ssl.endpoint.identification.algorithm = https
	ssl.engine.factory.class = null
	ssl.key.password = null
	ssl.keymanager.algorithm = SunX509
	ssl.keystore.certificate.chain = null
	ssl.keystore.key = null
	ssl.keystore.location = null
	ssl.keystore.password = null
	ssl.keystore.type = JKS
	ssl.protocol = TLSv1.3
	ssl.provider = null
	ssl.secure.random.implementation = null
	ssl.trustmanager.algorithm = PKIX
	ssl.truststore.certificates = null
	ssl.truststore.location = null
	ssl.truststore.password = null
	ssl.truststore.type = JKS

2026-02-10T13:41:30.270Z  INFO 73525 --- [fraud-detection] [           main] o.a.kafka.common.utils.AppInfoParser     : Kafka version: 4.1.1
2026-02-10T13:41:30.271Z  INFO 73525 --- [fraud-detection] [           main] o.a.kafka.common.utils.AppInfoParser     : Kafka commitId: be816b82d25370ce
2026-02-10T13:41:30.271Z  INFO 73525 --- [fraud-detection] [           main] o.a.kafka.common.utils.AppInfoParser     : Kafka startTimeMs: 1770730890270
2026-02-10T13:41:30.578Z  INFO 73525 --- [fraud-detection] [           main] o.apache.kafka.common.metrics.Metrics    : Metrics scheduler closed
2026-02-10T13:41:30.579Z  INFO 73525 --- [fraud-detection] [           main] o.apache.kafka.common.metrics.Metrics    : Closing reporter org.apache.kafka.common.metrics.JmxReporter
2026-02-10T13:41:30.579Z  INFO 73525 --- [fraud-detection] [           main] o.apache.kafka.common.metrics.Metrics    : Metrics reporters closed
2026-02-10T13:41:30.579Z  INFO 73525 --- [fraud-detection] [tection-admin-0] o.a.kafka.common.utils.AppInfoParser     : App info kafka.admin.client for fraud-detection-admin-0 unregistered
2026-02-10T13:41:30.582Z  INFO 73525 --- [fraud-detection] [tection-admin-0] o.apache.kafka.common.metrics.Metrics    : Metrics scheduler closed
2026-02-10T13:41:30.582Z  INFO 73525 --- [fraud-detection] [tection-admin-0] o.apache.kafka.common.metrics.Metrics    : Closing reporter org.apache.kafka.common.metrics.JmxReporter
2026-02-10T13:41:30.583Z  INFO 73525 --- [fraud-detection] [tection-admin-0] o.apache.kafka.common.metrics.Metrics    : Metrics reporters closed
2026-02-10T13:41:30.587Z  INFO 73525 --- [fraud-detection] [           main] o.a.kafka.common.config.AbstractConfig   : StreamsConfig values: 
	acceptable.recovery.lag = 10000
	application.id = fraud-detection-streams
	application.server = 
	bootstrap.servers = [localhost:9092]
	buffered.records.per.partition = 1000
	built.in.metrics.version = latest
	cache.max.bytes.buffering = 0
	client.id = 
	commit.interval.ms = 100
	connections.max.idle.ms = 540000
	default.client.supplier = class org.apache.kafka.streams.processor.internals.DefaultKafkaClientSupplier
	default.deserialization.exception.handler = class com.devnexus.frauddetection.infrastructure.streams.handler.DlqDeserializationExceptionHandler
	default.dsl.store = rocksDB
	default.key.serde = null
	default.list.key.serde.inner = null
	default.list.key.serde.type = null
	default.list.value.serde.inner = null
	default.list.value.serde.type = null
	default.production.exception.handler = class org.apache.kafka.streams.errors.DefaultProductionExceptionHandler
	default.timestamp.extractor = class org.apache.kafka.streams.processor.FailOnInvalidTimestamp
	default.value.serde = null
	deserialization.exception.handler = class org.apache.kafka.streams.errors.LogAndFailExceptionHandler
	dsl.store.suppliers.class = class org.apache.kafka.streams.state.BuiltInDslStoreSuppliers$RocksDBDslStoreSuppliers
	enable.metrics.push = true
	ensure.explicit.internal.resource.naming = false
	group.protocol = classic
	log.summary.interval.ms = 120000
	max.task.idle.ms = 0
	max.warmup.replicas = 2
	metadata.max.age.ms = 300000
	metadata.recovery.rebootstrap.trigger.ms = 300000
	metadata.recovery.strategy = rebootstrap
	metric.reporters = [org.apache.kafka.common.metrics.JmxReporter]
	metrics.num.samples = 2
	metrics.recording.level = INFO
	metrics.sample.window.ms = 30000
	num.standby.replicas = 0
	num.stream.threads = 1
	poll.ms = 100
	probing.rebalance.interval.ms = 600000
	processing.exception.handler = class org.apache.kafka.streams.errors.LogAndFailProcessingExceptionHandler
	processing.guarantee = at_least_once
	processor.wrapper.class = class org.apache.kafka.streams.processor.internals.NoOpProcessorWrapper
	production.exception.handler = class org.apache.kafka.streams.errors.DefaultProductionExceptionHandler
	rack.aware.assignment.non_overlap_cost = null
	rack.aware.assignment.strategy = none
	rack.aware.assignment.tags = []
	rack.aware.assignment.traffic_cost = null
	receive.buffer.bytes = 32768
	reconnect.backoff.max.ms = 1000
	reconnect.backoff.ms = 50
	repartition.purge.interval.ms = 30000
	replication.factor = -1
	request.timeout.ms = 40000
	retry.backoff.ms = 100
	rocksdb.config.setter = null
	security.protocol = PLAINTEXT
	send.buffer.bytes = 131072
	state.cleanup.delay.ms = 600000
	state.dir = /tmp/kafka-streams-fraud
	statestore.cache.max.bytes = 10485760
	task.assignor.class = null
	task.timeout.ms = 300000
	topology.optimization = none
	upgrade.from = null
	window.size.ms = null
	windowed.inner.class.serde = null
	windowstore.changelog.additional.retention.ms = 86400000

2026-02-10T13:41:30.589Z  WARN 73525 --- [fraud-detection] [           main] o.a.k.s.internals.StreamsConfigUtils     : Deprecated config cache.max.bytes.buffering is set, and will be used; we suggest setting the new config statestore.cache.max.bytes instead as deprecated cache.max.bytes.buffering would be removed in the future.
2026-02-10T13:41:30.644Z  INFO 73525 --- [fraud-detection] [           main] o.a.k.s.p.internals.StateDirectory       : Reading UUID from process file: b5128688-4882-403f-9ff5-9308843f8cc5
2026-02-10T13:41:30.645Z  INFO 73525 --- [fraud-detection] [           main] org.apache.kafka.streams.KafkaStreams    : stream-client [fraud-detection-streams-b5128688-4882-403f-9ff5-9308843f8cc5] Kafka Streams version: 4.1.1
2026-02-10T13:41:30.645Z  INFO 73525 --- [fraud-detection] [           main] org.apache.kafka.streams.KafkaStreams    : stream-client [fraud-detection-streams-b5128688-4882-403f-9ff5-9308843f8cc5] Kafka Streams commit ID: be816b82d25370ce
2026-02-10T13:41:30.652Z  INFO 73525 --- [fraud-detection] [           main] o.a.kafka.common.config.AbstractConfig   : AdminClientConfig values: 
	bootstrap.controllers = []
	bootstrap.servers = [localhost:9092]
	client.dns.lookup = use_all_dns_ips
	client.id = fraud-detection-streams-b5128688-4882-403f-9ff5-9308843f8cc5-admin
	connections.max.idle.ms = 300000
	default.api.timeout.ms = 60000
	enable.metrics.push = true
	metadata.max.age.ms = 300000
	metadata.recovery.rebootstrap.trigger.ms = 300000
	metadata.recovery.strategy = rebootstrap
	metric.reporters = [org.apache.kafka.common.metrics.JmxReporter]
	metrics.num.samples = 2
	metrics.recording.level = INFO
	metrics.sample.window.ms = 30000
	receive.buffer.bytes = 65536
	reconnect.backoff.max.ms = 1000
	reconnect.backoff.ms = 50
	request.timeout.ms = 30000
	retries = 2147483647
	retry.backoff.max.ms = 1000
	retry.backoff.ms = 100
	sasl.client.callback.handler.class = null
	sasl.jaas.config = null
	sasl.kerberos.kinit.cmd = /usr/bin/kinit
	sasl.kerberos.min.time.before.relogin = 60000
	sasl.kerberos.service.name = null
	sasl.kerberos.ticket.renew.jitter = 0.05
	sasl.kerberos.ticket.renew.window.factor = 0.8
	sasl.login.callback.handler.class = null
	sasl.login.class = null
	sasl.login.connect.timeout.ms = null
	sasl.login.read.timeout.ms = null
	sasl.login.refresh.buffer.seconds = 300
	sasl.login.refresh.min.period.seconds = 60
	sasl.login.refresh.window.factor = 0.8
	sasl.login.refresh.window.jitter = 0.05
	sasl.login.retry.backoff.max.ms = 10000
	sasl.login.retry.backoff.ms = 100
	sasl.mechanism = GSSAPI
	sasl.oauthbearer.assertion.algorithm = RS256
	sasl.oauthbearer.assertion.claim.aud = null
	sasl.oauthbearer.assertion.claim.exp.seconds = 300
	sasl.oauthbearer.assertion.claim.iss = null
	sasl.oauthbearer.assertion.claim.jti.include = false
	sasl.oauthbearer.assertion.claim.nbf.seconds = 60
	sasl.oauthbearer.assertion.claim.sub = null
	sasl.oauthbearer.assertion.file = null
	sasl.oauthbearer.assertion.private.key.file = null
	sasl.oauthbearer.assertion.private.key.passphrase = null
	sasl.oauthbearer.assertion.template.file = null
	sasl.oauthbearer.client.credentials.client.id = null
	sasl.oauthbearer.client.credentials.client.secret = null
	sasl.oauthbearer.clock.skew.seconds = 30
	sasl.oauthbearer.expected.audience = null
	sasl.oauthbearer.expected.issuer = null
	sasl.oauthbearer.header.urlencode = false
	sasl.oauthbearer.jwks.endpoint.refresh.ms = 3600000
	sasl.oauthbearer.jwks.endpoint.retry.backoff.max.ms = 10000
	sasl.oauthbearer.jwks.endpoint.retry.backoff.ms = 100
	sasl.oauthbearer.jwks.endpoint.url = null
	sasl.oauthbearer.jwt.retriever.class = class org.apache.kafka.common.security.oauthbearer.DefaultJwtRetriever
	sasl.oauthbearer.jwt.validator.class = class org.apache.kafka.common.security.oauthbearer.DefaultJwtValidator
	sasl.oauthbearer.scope = null
	sasl.oauthbearer.scope.claim.name = scope
	sasl.oauthbearer.sub.claim.name = sub
	sasl.oauthbearer.token.endpoint.url = null
	security.protocol = PLAINTEXT
	security.providers = null
	send.buffer.bytes = 131072
	socket.connection.setup.timeout.max.ms = 30000
	socket.connection.setup.timeout.ms = 10000
	ssl.cipher.suites = null
	ssl.enabled.protocols = [TLSv1.2, TLSv1.3]
	ssl.endpoint.identification.algorithm = https
	ssl.engine.factory.class = null
	ssl.key.password = null
	ssl.keymanager.algorithm = SunX509
	ssl.keystore.certificate.chain = null
	ssl.keystore.key = null
	ssl.keystore.location = null
	ssl.keystore.password = null
	ssl.keystore.type = JKS
	ssl.protocol = TLSv1.3
	ssl.provider = null
	ssl.secure.random.implementation = null
	ssl.trustmanager.algorithm = PKIX
	ssl.truststore.certificates = null
	ssl.truststore.location = null
	ssl.truststore.password = null
	ssl.truststore.type = JKS

2026-02-10T13:41:30.665Z  INFO 73525 --- [fraud-detection] [           main] o.a.k.c.t.i.KafkaMetricsCollector        : initializing Kafka metrics collector
2026-02-10T13:41:30.668Z  INFO 73525 --- [fraud-detection] [           main] o.a.kafka.common.config.AbstractConfig   : These configurations '[dlq.topic.name]' were supplied but are not used yet.
2026-02-10T13:41:30.668Z  INFO 73525 --- [fraud-detection] [           main] o.a.kafka.common.utils.AppInfoParser     : Kafka version: 4.1.1
2026-02-10T13:41:30.668Z  INFO 73525 --- [fraud-detection] [           main] o.a.kafka.common.utils.AppInfoParser     : Kafka commitId: be816b82d25370ce
2026-02-10T13:41:30.668Z  INFO 73525 --- [fraud-detection] [           main] o.a.kafka.common.utils.AppInfoParser     : Kafka startTimeMs: 1770730890668
2026-02-10T13:41:30.673Z  WARN 73525 --- [fraud-detection] [           main] o.a.k.s.internals.StreamsConfigUtils     : Deprecated config cache.max.bytes.buffering is set, and will be used; we suggest setting the new config statestore.cache.max.bytes instead as deprecated cache.max.bytes.buffering would be removed in the future.
2026-02-10T13:41:30.677Z  INFO 73525 --- [fraud-detection] [           main] o.a.k.s.p.internals.StreamThread         : stream-thread [fraud-detection-streams-b5128688-4882-403f-9ff5-9308843f8cc5-StreamThread-1] Creating restore consumer client
2026-02-10T13:41:30.679Z  INFO 73525 --- [fraud-detection] [           main] o.a.kafka.common.config.AbstractConfig   : ConsumerConfig values: 
	allow.auto.create.topics = true
	auto.commit.interval.ms = 5000
	auto.offset.reset = none
	bootstrap.servers = [localhost:9092]
	check.crcs = true
	client.dns.lookup = use_all_dns_ips
	client.id = fraud-detection-streams-b5128688-4882-403f-9ff5-9308843f8cc5-StateUpdater-1-restore-consumer
	client.rack = 
	connections.max.idle.ms = 540000
	default.api.timeout.ms = 60000
	enable.auto.commit = false
	enable.metrics.push = true
	exclude.internal.topics = true
	fetch.max.bytes = 52428800
	fetch.max.wait.ms = 500
	fetch.min.bytes = 1
	group.id = null
	group.instance.id = null
	group.protocol = classic
	group.remote.assignor = null
	heartbeat.interval.ms = 3000
	interceptor.classes = []
	internal.leave.group.on.close = false
	internal.throw.on.fetch.stable.offset.unsupported = false
	isolation.level = read_uncommitted
	key.deserializer = class org.apache.kafka.common.serialization.ByteArrayDeserializer
	max.partition.fetch.bytes = 1048576
	max.poll.interval.ms = 300000
	max.poll.records = 1000
	metadata.max.age.ms = 300000
	metadata.recovery.rebootstrap.trigger.ms = 300000
	metadata.recovery.strategy = rebootstrap
	metric.reporters = [org.apache.kafka.common.metrics.JmxReporter]
	metrics.num.samples = 2
	metrics.recording.level = INFO
	metrics.sample.window.ms = 30000
	partition.assignment.strategy = [class org.apache.kafka.clients.consumer.RangeAssignor, class org.apache.kafka.clients.consumer.CooperativeStickyAssignor]
	receive.buffer.bytes = 65536
	reconnect.backoff.max.ms = 1000
	reconnect.backoff.ms = 50
	request.timeout.ms = 30000
	retry.backoff.max.ms = 1000
	retry.backoff.ms = 100
	sasl.client.callback.handler.class = null
	sasl.jaas.config = null
	sasl.kerberos.kinit.cmd = /usr/bin/kinit
	sasl.kerberos.min.time.before.relogin = 60000
	sasl.kerberos.service.name = null
	sasl.kerberos.ticket.renew.jitter = 0.05
	sasl.kerberos.ticket.renew.window.factor = 0.8
	sasl.login.callback.handler.class = null
	sasl.login.class = null
	sasl.login.connect.timeout.ms = null
	sasl.login.read.timeout.ms = null
	sasl.login.refresh.buffer.seconds = 300
	sasl.login.refresh.min.period.seconds = 60
	sasl.login.refresh.window.factor = 0.8
	sasl.login.refresh.window.jitter = 0.05
	sasl.login.retry.backoff.max.ms = 10000
	sasl.login.retry.backoff.ms = 100
	sasl.mechanism = GSSAPI
	sasl.oauthbearer.assertion.algorithm = RS256
	sasl.oauthbearer.assertion.claim.aud = null
	sasl.oauthbearer.assertion.claim.exp.seconds = 300
	sasl.oauthbearer.assertion.claim.iss = null
	sasl.oauthbearer.assertion.claim.jti.include = false
	sasl.oauthbearer.assertion.claim.nbf.seconds = 60
	sasl.oauthbearer.assertion.claim.sub = null
	sasl.oauthbearer.assertion.file = null
	sasl.oauthbearer.assertion.private.key.file = null
	sasl.oauthbearer.assertion.private.key.passphrase = null
	sasl.oauthbearer.assertion.template.file = null
	sasl.oauthbearer.client.credentials.client.id = null
	sasl.oauthbearer.client.credentials.client.secret = null
	sasl.oauthbearer.clock.skew.seconds = 30
	sasl.oauthbearer.expected.audience = null
	sasl.oauthbearer.expected.issuer = null
	sasl.oauthbearer.header.urlencode = false
	sasl.oauthbearer.jwks.endpoint.refresh.ms = 3600000
	sasl.oauthbearer.jwks.endpoint.retry.backoff.max.ms = 10000
	sasl.oauthbearer.jwks.endpoint.retry.backoff.ms = 100
	sasl.oauthbearer.jwks.endpoint.url = null
	sasl.oauthbearer.jwt.retriever.class = class org.apache.kafka.common.security.oauthbearer.DefaultJwtRetriever
	sasl.oauthbearer.jwt.validator.class = class org.apache.kafka.common.security.oauthbearer.DefaultJwtValidator
	sasl.oauthbearer.scope = null
	sasl.oauthbearer.scope.claim.name = scope
	sasl.oauthbearer.sub.claim.name = sub
	sasl.oauthbearer.token.endpoint.url = null
	security.protocol = PLAINTEXT
	security.providers = null
	send.buffer.bytes = 131072
	session.timeout.ms = 45000
	share.acknowledgement.mode = implicit
	socket.connection.setup.timeout.max.ms = 30000
	socket.connection.setup.timeout.ms = 10000
	ssl.cipher.suites = null
	ssl.enabled.protocols = [TLSv1.2, TLSv1.3]
	ssl.endpoint.identification.algorithm = https
	ssl.engine.factory.class = null
	ssl.key.password = null
	ssl.keymanager.algorithm = SunX509
	ssl.keystore.certificate.chain = null
	ssl.keystore.key = null
	ssl.keystore.location = null
	ssl.keystore.password = null
	ssl.keystore.type = JKS
	ssl.protocol = TLSv1.3
	ssl.provider = null
	ssl.secure.random.implementation = null
	ssl.trustmanager.algorithm = PKIX
	ssl.truststore.certificates = null
	ssl.truststore.location = null
	ssl.truststore.password = null
	ssl.truststore.type = JKS
	value.deserializer = class org.apache.kafka.common.serialization.ByteArrayDeserializer

2026-02-10T13:41:30.682Z  INFO 73525 --- [fraud-detection] [           main] o.a.k.c.t.i.KafkaMetricsCollector        : initializing Kafka metrics collector
2026-02-10T13:41:30.696Z  INFO 73525 --- [fraud-detection] [           main] o.a.kafka.common.config.AbstractConfig   : These configurations '[dlq.topic.name]' were supplied but are not used yet.
2026-02-10T13:41:30.696Z  INFO 73525 --- [fraud-detection] [           main] o.a.kafka.common.utils.AppInfoParser     : Kafka version: 4.1.1
2026-02-10T13:41:30.696Z  INFO 73525 --- [fraud-detection] [           main] o.a.kafka.common.utils.AppInfoParser     : Kafka commitId: be816b82d25370ce
2026-02-10T13:41:30.696Z  INFO 73525 --- [fraud-detection] [           main] o.a.kafka.common.utils.AppInfoParser     : Kafka startTimeMs: 1770730890696
2026-02-10T13:41:30.702Z  INFO 73525 --- [fraud-detection] [           main] o.a.kafka.common.config.AbstractConfig   : ProducerConfig values: 
	acks = -1
	batch.size = 16384
	bootstrap.servers = [localhost:9092]
	buffer.memory = 33554432
	client.dns.lookup = use_all_dns_ips
	client.id = fraud-detection-streams-b5128688-4882-403f-9ff5-9308843f8cc5-StreamThread-1-producer
	compression.gzip.level = -1
	compression.lz4.level = 9
	compression.type = none
	compression.zstd.level = 3
	connections.max.idle.ms = 540000
	delivery.timeout.ms = 120000
	enable.idempotence = true
	enable.metrics.push = true
	interceptor.classes = []
	key.serializer = class org.apache.kafka.common.serialization.ByteArraySerializer
	linger.ms = 100
	max.block.ms = 60000
	max.in.flight.requests.per.connection = 5
	max.request.size = 1048576
	metadata.max.age.ms = 300000
	metadata.max.idle.ms = 300000
	metadata.recovery.rebootstrap.trigger.ms = 300000
	metadata.recovery.strategy = rebootstrap
	metric.reporters = [org.apache.kafka.common.metrics.JmxReporter]
	metrics.num.samples = 2
	metrics.recording.level = INFO
	metrics.sample.window.ms = 30000
	partitioner.adaptive.partitioning.enable = true
	partitioner.availability.timeout.ms = 0
	partitioner.class = null
	partitioner.ignore.keys = false
	receive.buffer.bytes = 32768
	reconnect.backoff.max.ms = 1000
	reconnect.backoff.ms = 50
	request.timeout.ms = 30000
	retries = 2147483647
	retry.backoff.max.ms = 1000
	retry.backoff.ms = 100
	sasl.client.callback.handler.class = null
	sasl.jaas.config = null
	sasl.kerberos.kinit.cmd = /usr/bin/kinit
	sasl.kerberos.min.time.before.relogin = 60000
	sasl.kerberos.service.name = null
	sasl.kerberos.ticket.renew.jitter = 0.05
	sasl.kerberos.ticket.renew.window.factor = 0.8
	sasl.login.callback.handler.class = null
	sasl.login.class = null
	sasl.login.connect.timeout.ms = null
	sasl.login.read.timeout.ms = null
	sasl.login.refresh.buffer.seconds = 300
	sasl.login.refresh.min.period.seconds = 60
	sasl.login.refresh.window.factor = 0.8
	sasl.login.refresh.window.jitter = 0.05
	sasl.login.retry.backoff.max.ms = 10000
	sasl.login.retry.backoff.ms = 100
	sasl.mechanism = GSSAPI
	sasl.oauthbearer.assertion.algorithm = RS256
	sasl.oauthbearer.assertion.claim.aud = null
	sasl.oauthbearer.assertion.claim.exp.seconds = 300
	sasl.oauthbearer.assertion.claim.iss = null
	sasl.oauthbearer.assertion.claim.jti.include = false
	sasl.oauthbearer.assertion.claim.nbf.seconds = 60
	sasl.oauthbearer.assertion.claim.sub = null
	sasl.oauthbearer.assertion.file = null
	sasl.oauthbearer.assertion.private.key.file = null
	sasl.oauthbearer.assertion.private.key.passphrase = null
	sasl.oauthbearer.assertion.template.file = null
	sasl.oauthbearer.client.credentials.client.id = null
	sasl.oauthbearer.client.credentials.client.secret = null
	sasl.oauthbearer.clock.skew.seconds = 30
	sasl.oauthbearer.expected.audience = null
	sasl.oauthbearer.expected.issuer = null
	sasl.oauthbearer.header.urlencode = false
	sasl.oauthbearer.jwks.endpoint.refresh.ms = 3600000
	sasl.oauthbearer.jwks.endpoint.retry.backoff.max.ms = 10000
	sasl.oauthbearer.jwks.endpoint.retry.backoff.ms = 100
	sasl.oauthbearer.jwks.endpoint.url = null
	sasl.oauthbearer.jwt.retriever.class = class org.apache.kafka.common.security.oauthbearer.DefaultJwtRetriever
	sasl.oauthbearer.jwt.validator.class = class org.apache.kafka.common.security.oauthbearer.DefaultJwtValidator
	sasl.oauthbearer.scope = null
	sasl.oauthbearer.scope.claim.name = scope
	sasl.oauthbearer.sub.claim.name = sub
	sasl.oauthbearer.token.endpoint.url = null
	security.protocol = PLAINTEXT
	security.providers = null
	send.buffer.bytes = 131072
	socket.connection.setup.timeout.max.ms = 30000
	socket.connection.setup.timeout.ms = 10000
	ssl.cipher.suites = null
	ssl.enabled.protocols = [TLSv1.2, TLSv1.3]
	ssl.endpoint.identification.algorithm = https
	ssl.engine.factory.class = null
	ssl.key.password = null
	ssl.keymanager.algorithm = SunX509
	ssl.keystore.certificate.chain = null
	ssl.keystore.key = null
	ssl.keystore.location = null
	ssl.keystore.password = null
	ssl.keystore.type = JKS
	ssl.protocol = TLSv1.3
	ssl.provider = null
	ssl.secure.random.implementation = null
	ssl.trustmanager.algorithm = PKIX
	ssl.truststore.certificates = null
	ssl.truststore.location = null
	ssl.truststore.password = null
	ssl.truststore.type = JKS
	transaction.timeout.ms = 60000
	transaction.two.phase.commit.enable = false
	transactional.id = null
	value.serializer = class org.apache.kafka.common.serialization.ByteArraySerializer

2026-02-10T13:41:30.703Z  INFO 73525 --- [fraud-detection] [           main] o.a.k.c.t.i.KafkaMetricsCollector        : initializing Kafka metrics collector
2026-02-10T13:41:30.707Z  INFO 73525 --- [fraud-detection] [           main] o.a.k.clients.producer.KafkaProducer     : [Producer clientId=fraud-detection-streams-b5128688-4882-403f-9ff5-9308843f8cc5-StreamThread-1-producer] Instantiated an idempotent producer.
2026-02-10T13:41:30.713Z  INFO 73525 --- [fraud-detection] [           main] o.a.kafka.common.config.AbstractConfig   : These configurations '[dlq.topic.name]' were supplied but are not used yet.
2026-02-10T13:41:30.713Z  INFO 73525 --- [fraud-detection] [           main] o.a.kafka.common.utils.AppInfoParser     : Kafka version: 4.1.1
2026-02-10T13:41:30.713Z  INFO 73525 --- [fraud-detection] [           main] o.a.kafka.common.utils.AppInfoParser     : Kafka commitId: be816b82d25370ce
2026-02-10T13:41:30.713Z  INFO 73525 --- [fraud-detection] [           main] o.a.kafka.common.utils.AppInfoParser     : Kafka startTimeMs: 1770730890713
2026-02-10T13:41:30.716Z  INFO 73525 --- [fraud-detection] [-StateUpdater-1] o.a.k.s.p.internals.DefaultStateUpdater  : state-updater [fraud-detection-streams-b5128688-4882-403f-9ff5-9308843f8cc5-StateUpdater-1] State updater thread started
2026-02-10T13:41:30.718Z  INFO 73525 --- [fraud-detection] [read-1-producer] org.apache.kafka.clients.Metadata        : [Producer clientId=fraud-detection-streams-b5128688-4882-403f-9ff5-9308843f8cc5-StreamThread-1-producer] Cluster ID: 5L6g3nShT-eMCtK--X86sw
2026-02-10T13:41:30.719Z  INFO 73525 --- [fraud-detection] [           main] o.a.k.s.p.internals.StreamThread         : stream-thread [fraud-detection-streams-b5128688-4882-403f-9ff5-9308843f8cc5-StreamThread-1] Creating consumer client
2026-02-10T13:41:30.721Z  INFO 73525 --- [fraud-detection] [           main] o.a.kafka.common.config.AbstractConfig   : ConsumerConfig values: 
	allow.auto.create.topics = false
	auto.commit.interval.ms = 5000
	auto.offset.reset = earliest
	bootstrap.servers = [localhost:9092]
	check.crcs = true
	client.dns.lookup = use_all_dns_ips
	client.id = fraud-detection-streams-b5128688-4882-403f-9ff5-9308843f8cc5-StreamThread-1-consumer
	client.rack = 
	connections.max.idle.ms = 540000
	default.api.timeout.ms = 60000
	enable.auto.commit = false
	enable.metrics.push = true
	exclude.internal.topics = true
	fetch.max.bytes = 52428800
	fetch.max.wait.ms = 500
	fetch.min.bytes = 1
	group.id = fraud-detection-streams
	group.instance.id = null
	group.protocol = classic
	group.remote.assignor = null
	heartbeat.interval.ms = 3000
	interceptor.classes = []
	internal.leave.group.on.close = false
	internal.throw.on.fetch.stable.offset.unsupported = false
	isolation.level = read_uncommitted
	key.deserializer = class org.apache.kafka.common.serialization.ByteArrayDeserializer
	max.partition.fetch.bytes = 1048576
	max.poll.interval.ms = 300000
	max.poll.records = 1000
	metadata.max.age.ms = 300000
	metadata.recovery.rebootstrap.trigger.ms = 300000
	metadata.recovery.strategy = rebootstrap
	metric.reporters = [org.apache.kafka.common.metrics.JmxReporter]
	metrics.num.samples = 2
	metrics.recording.level = INFO
	metrics.sample.window.ms = 30000
	partition.assignment.strategy = [org.apache.kafka.streams.processor.internals.StreamsPartitionAssignor]
	receive.buffer.bytes = 65536
	reconnect.backoff.max.ms = 1000
	reconnect.backoff.ms = 50
	request.timeout.ms = 30000
	retry.backoff.max.ms = 1000
	retry.backoff.ms = 100
	sasl.client.callback.handler.class = null
	sasl.jaas.config = null
	sasl.kerberos.kinit.cmd = /usr/bin/kinit
	sasl.kerberos.min.time.before.relogin = 60000
	sasl.kerberos.service.name = null
	sasl.kerberos.ticket.renew.jitter = 0.05
	sasl.kerberos.ticket.renew.window.factor = 0.8
	sasl.login.callback.handler.class = null
	sasl.login.class = null
	sasl.login.connect.timeout.ms = null
	sasl.login.read.timeout.ms = null
	sasl.login.refresh.buffer.seconds = 300
	sasl.login.refresh.min.period.seconds = 60
	sasl.login.refresh.window.factor = 0.8
	sasl.login.refresh.window.jitter = 0.05
	sasl.login.retry.backoff.max.ms = 10000
	sasl.login.retry.backoff.ms = 100
	sasl.mechanism = GSSAPI
	sasl.oauthbearer.assertion.algorithm = RS256
	sasl.oauthbearer.assertion.claim.aud = null
	sasl.oauthbearer.assertion.claim.exp.seconds = 300
	sasl.oauthbearer.assertion.claim.iss = null
	sasl.oauthbearer.assertion.claim.jti.include = false
	sasl.oauthbearer.assertion.claim.nbf.seconds = 60
	sasl.oauthbearer.assertion.claim.sub = null
	sasl.oauthbearer.assertion.file = null
	sasl.oauthbearer.assertion.private.key.file = null
	sasl.oauthbearer.assertion.private.key.passphrase = null
	sasl.oauthbearer.assertion.template.file = null
	sasl.oauthbearer.client.credentials.client.id = null
	sasl.oauthbearer.client.credentials.client.secret = null
	sasl.oauthbearer.clock.skew.seconds = 30
	sasl.oauthbearer.expected.audience = null
	sasl.oauthbearer.expected.issuer = null
	sasl.oauthbearer.header.urlencode = false
	sasl.oauthbearer.jwks.endpoint.refresh.ms = 3600000
	sasl.oauthbearer.jwks.endpoint.retry.backoff.max.ms = 10000
	sasl.oauthbearer.jwks.endpoint.retry.backoff.ms = 100
	sasl.oauthbearer.jwks.endpoint.url = null
	sasl.oauthbearer.jwt.retriever.class = class org.apache.kafka.common.security.oauthbearer.DefaultJwtRetriever
	sasl.oauthbearer.jwt.validator.class = class org.apache.kafka.common.security.oauthbearer.DefaultJwtValidator
	sasl.oauthbearer.scope = null
	sasl.oauthbearer.scope.claim.name = scope
	sasl.oauthbearer.sub.claim.name = sub
	sasl.oauthbearer.token.endpoint.url = null
	security.protocol = PLAINTEXT
	security.providers = null
	send.buffer.bytes = 131072
	session.timeout.ms = 45000
	share.acknowledgement.mode = implicit
	socket.connection.setup.timeout.max.ms = 30000
	socket.connection.setup.timeout.ms = 10000
	ssl.cipher.suites = null
	ssl.enabled.protocols = [TLSv1.2, TLSv1.3]
	ssl.endpoint.identification.algorithm = https
	ssl.engine.factory.class = null
	ssl.key.password = null
	ssl.keymanager.algorithm = SunX509
	ssl.keystore.certificate.chain = null
	ssl.keystore.key = null
	ssl.keystore.location = null
	ssl.keystore.password = null
	ssl.keystore.type = JKS
	ssl.protocol = TLSv1.3
	ssl.provider = null
	ssl.secure.random.implementation = null
	ssl.trustmanager.algorithm = PKIX
	ssl.truststore.certificates = null
	ssl.truststore.location = null
	ssl.truststore.password = null
	ssl.truststore.type = JKS
	value.deserializer = class org.apache.kafka.common.serialization.ByteArrayDeserializer

2026-02-10T13:41:30.725Z  INFO 73525 --- [fraud-detection] [           main] o.a.k.c.t.i.KafkaMetricsCollector        : initializing Kafka metrics collector
2026-02-10T13:41:30.738Z  INFO 73525 --- [fraud-detection] [           main] o.a.kafka.common.config.AbstractConfig   : These configurations '[replication.factor, probing.rebalance.interval.ms, max.warmup.replicas, acceptable.recovery.lag, task.assignor.class, rack.aware.assignment.non_overlap_cost, application.server, rack.aware.assignment.strategy, rack.aware.assignment.traffic_cost, windowstore.changelog.additional.retention.ms, num.standby.replicas, upgrade.from, dlq.topic.name, rack.aware.assignment.tags, application.id]' were supplied but are not used yet.
2026-02-10T13:41:30.738Z  INFO 73525 --- [fraud-detection] [           main] o.a.kafka.common.utils.AppInfoParser     : Kafka version: 4.1.1
2026-02-10T13:41:30.738Z  INFO 73525 --- [fraud-detection] [           main] o.a.kafka.common.utils.AppInfoParser     : Kafka commitId: be816b82d25370ce
2026-02-10T13:41:30.738Z  INFO 73525 --- [fraud-detection] [           main] o.a.kafka.common.utils.AppInfoParser     : Kafka startTimeMs: 1770730890738
2026-02-10T13:41:30.741Z  INFO 73525 --- [fraud-detection] [           main] org.apache.kafka.streams.KafkaStreams    : stream-client [fraud-detection-streams-b5128688-4882-403f-9ff5-9308843f8cc5] State transition from CREATED to REBALANCING
2026-02-10T13:41:30.742Z  INFO 73525 --- [fraud-detection] [           main] org.apache.kafka.streams.KafkaStreams    : stream-client [fraud-detection-streams-b5128688-4882-403f-9ff5-9308843f8cc5] Started 1 stream threads
2026-02-10T13:41:30.742Z  INFO 73525 --- [fraud-detection] [-StreamThread-1] o.a.k.s.p.internals.StreamThread         : stream-thread [fraud-detection-streams-b5128688-4882-403f-9ff5-9308843f8cc5-StreamThread-1] Starting
2026-02-10T13:41:30.742Z  INFO 73525 --- [fraud-detection] [-StreamThread-1] o.a.k.s.p.internals.StreamThread         : stream-thread [fraud-detection-streams-b5128688-4882-403f-9ff5-9308843f8cc5-StreamThread-1] State transition from CREATED to STARTING
2026-02-10T13:41:30.742Z  INFO 73525 --- [fraud-detection] [-StreamThread-1] o.a.k.c.c.i.ClassicKafkaConsumer         : [Consumer clientId=fraud-detection-streams-b5128688-4882-403f-9ff5-9308843f8cc5-StreamThread-1-consumer, groupId=fraud-detection-streams] Subscribed to topic(s): fraud-detection-streams-fraud-detection-store-repartition, transactions
2026-02-10T13:41:30.751Z  WARN 73525 --- [fraud-detection] [-StreamThread-1] org.apache.kafka.clients.NetworkClient   : [Consumer clientId=fraud-detection-streams-b5128688-4882-403f-9ff5-9308843f8cc5-StreamThread-1-consumer, groupId=fraud-detection-streams] The metadata response from the cluster reported a recoverable issue with correlation id 2 : {fraud-detection-streams-fraud-detection-store-repartition=UNKNOWN_TOPIC_OR_PARTITION}
2026-02-10T13:41:30.751Z  INFO 73525 --- [fraud-detection] [           main] o.a.kafka.common.config.AbstractConfig   : ConsumerConfig values: 
	allow.auto.create.topics = true
	auto.commit.interval.ms = 5000
	auto.offset.reset = earliest
	bootstrap.servers = [localhost:9092]
	check.crcs = true
	client.dns.lookup = use_all_dns_ips
	client.id = consumer-fraud-detection-to-score-consumer-1
	client.rack = 
	connections.max.idle.ms = 540000
	default.api.timeout.ms = 60000
	enable.auto.commit = false
	enable.metrics.push = true
	exclude.internal.topics = true
	fetch.max.bytes = 52428800
	fetch.max.wait.ms = 500
	fetch.min.bytes = 1
	group.id = fraud-detection-to-score-consumer
	group.instance.id = null
	group.protocol = classic
	group.remote.assignor = null
	heartbeat.interval.ms = 3000
	interceptor.classes = []
	internal.leave.group.on.close = true
	internal.throw.on.fetch.stable.offset.unsupported = false
	isolation.level = read_uncommitted
	key.deserializer = class org.apache.kafka.common.serialization.StringDeserializer
	max.partition.fetch.bytes = 1048576
	max.poll.interval.ms = 300000
	max.poll.records = 500
	metadata.max.age.ms = 300000
	metadata.recovery.rebootstrap.trigger.ms = 300000
	metadata.recovery.strategy = rebootstrap
	metric.reporters = [org.apache.kafka.common.metrics.JmxReporter]
	metrics.num.samples = 2
	metrics.recording.level = INFO
	metrics.sample.window.ms = 30000
	partition.assignment.strategy = [class org.apache.kafka.clients.consumer.RangeAssignor, class org.apache.kafka.clients.consumer.CooperativeStickyAssignor]
	receive.buffer.bytes = 65536
	reconnect.backoff.max.ms = 1000
	reconnect.backoff.ms = 50
	request.timeout.ms = 30000
	retry.backoff.max.ms = 1000
	retry.backoff.ms = 100
	sasl.client.callback.handler.class = null
	sasl.jaas.config = null
	sasl.kerberos.kinit.cmd = /usr/bin/kinit
	sasl.kerberos.min.time.before.relogin = 60000
	sasl.kerberos.service.name = null
	sasl.kerberos.ticket.renew.jitter = 0.05
	sasl.kerberos.ticket.renew.window.factor = 0.8
	sasl.login.callback.handler.class = null
	sasl.login.class = null
	sasl.login.connect.timeout.ms = null
	sasl.login.read.timeout.ms = null
	sasl.login.refresh.buffer.seconds = 300
	sasl.login.refresh.min.period.seconds = 60
	sasl.login.refresh.window.factor = 0.8
	sasl.login.refresh.window.jitter = 0.05
	sasl.login.retry.backoff.max.ms = 10000
	sasl.login.retry.backoff.ms = 100
	sasl.mechanism = GSSAPI
	sasl.oauthbearer.assertion.algorithm = RS256
	sasl.oauthbearer.assertion.claim.aud = null
	sasl.oauthbearer.assertion.claim.exp.seconds = 300
	sasl.oauthbearer.assertion.claim.iss = null
	sasl.oauthbearer.assertion.claim.jti.include = false
	sasl.oauthbearer.assertion.claim.nbf.seconds = 60
	sasl.oauthbearer.assertion.claim.sub = null
	sasl.oauthbearer.assertion.file = null
	sasl.oauthbearer.assertion.private.key.file = null
	sasl.oauthbearer.assertion.private.key.passphrase = null
	sasl.oauthbearer.assertion.template.file = null
	sasl.oauthbearer.client.credentials.client.id = null
	sasl.oauthbearer.client.credentials.client.secret = null
	sasl.oauthbearer.clock.skew.seconds = 30
	sasl.oauthbearer.expected.audience = null
	sasl.oauthbearer.expected.issuer = null
	sasl.oauthbearer.header.urlencode = false
	sasl.oauthbearer.jwks.endpoint.refresh.ms = 3600000
	sasl.oauthbearer.jwks.endpoint.retry.backoff.max.ms = 10000
	sasl.oauthbearer.jwks.endpoint.retry.backoff.ms = 100
	sasl.oauthbearer.jwks.endpoint.url = null
	sasl.oauthbearer.jwt.retriever.class = class org.apache.kafka.common.security.oauthbearer.DefaultJwtRetriever
	sasl.oauthbearer.jwt.validator.class = class org.apache.kafka.common.security.oauthbearer.DefaultJwtValidator
	sasl.oauthbearer.scope = null
	sasl.oauthbearer.scope.claim.name = scope
	sasl.oauthbearer.sub.claim.name = sub
	sasl.oauthbearer.token.endpoint.url = null
	security.protocol = PLAINTEXT
	security.providers = null
	send.buffer.bytes = 131072
	session.timeout.ms = 45000
	share.acknowledgement.mode = implicit
	socket.connection.setup.timeout.max.ms = 30000
	socket.connection.setup.timeout.ms = 10000
	ssl.cipher.suites = null
	ssl.enabled.protocols = [TLSv1.2, TLSv1.3]
	ssl.endpoint.identification.algorithm = https
	ssl.engine.factory.class = null
	ssl.key.password = null
	ssl.keymanager.algorithm = SunX509
	ssl.keystore.certificate.chain = null
	ssl.keystore.key = null
	ssl.keystore.location = null
	ssl.keystore.password = null
	ssl.keystore.type = JKS
	ssl.protocol = TLSv1.3
	ssl.provider = null
	ssl.secure.random.implementation = null
	ssl.trustmanager.algorithm = PKIX
	ssl.truststore.certificates = null
	ssl.truststore.location = null
	ssl.truststore.password = null
	ssl.truststore.type = JKS
	value.deserializer = class org.springframework.kafka.support.serializer.JsonDeserializer

2026-02-10T13:41:30.752Z  INFO 73525 --- [fraud-detection] [-StreamThread-1] org.apache.kafka.clients.Metadata        : [Consumer clientId=fraud-detection-streams-b5128688-4882-403f-9ff5-9308843f8cc5-StreamThread-1-consumer, groupId=fraud-detection-streams] Cluster ID: 5L6g3nShT-eMCtK--X86sw
2026-02-10T13:41:30.752Z  INFO 73525 --- [fraud-detection] [           main] o.a.k.c.t.i.KafkaMetricsCollector        : initializing Kafka metrics collector
2026-02-10T13:41:30.763Z  INFO 73525 --- [fraud-detection] [           main] o.a.kafka.common.utils.AppInfoParser     : Kafka version: 4.1.1
2026-02-10T13:41:30.763Z  INFO 73525 --- [fraud-detection] [           main] o.a.kafka.common.utils.AppInfoParser     : Kafka commitId: be816b82d25370ce
2026-02-10T13:41:30.763Z  INFO 73525 --- [fraud-detection] [           main] o.a.kafka.common.utils.AppInfoParser     : Kafka startTimeMs: 1770730890763
2026-02-10T13:41:30.763Z  INFO 73525 --- [fraud-detection] [           main] o.a.k.c.c.i.ClassicKafkaConsumer         : [Consumer clientId=consumer-fraud-detection-to-score-consumer-1, groupId=fraud-detection-to-score-consumer] Subscribed to topic(s): transactions-to-score
2026-02-10T13:41:30.774Z  INFO 73525 --- [fraud-detection] [           main] c.d.f.FraudDetectionApplicationTests     : Started FraudDetectionApplicationTests in 1.427 seconds (process running for 2.015)
2026-02-10T13:41:30.776Z  INFO 73525 --- [fraud-detection] [ntainer#0-0-C-1] org.apache.kafka.clients.Metadata        : [Consumer clientId=consumer-fraud-detection-to-score-consumer-1, groupId=fraud-detection-to-score-consumer] Cluster ID: 5L6g3nShT-eMCtK--X86sw
2026-02-10T13:41:30.827Z  INFO 73525 --- [fraud-detection] [read-1-producer] o.a.k.c.p.internals.TransactionManager   : [Producer clientId=fraud-detection-streams-b5128688-4882-403f-9ff5-9308843f8cc5-StreamThread-1-producer] ProducerId set to 0 with epoch 0
2026-02-10T13:41:30.852Z  INFO 73525 --- [fraud-detection] [-StreamThread-1] o.a.k.s.p.internals.StreamThread         : stream-thread [fraud-detection-streams-b5128688-4882-403f-9ff5-9308843f8cc5-StreamThread-1] Processed 0 total records, ran 0 punctuators, polled 1 times and committed 0 total tasks since the last update 1770730890853ms ago
2026-02-10T13:41:30.859Z  INFO 73525 --- [fraud-detection] [-StreamThread-1] o.a.k.c.c.internals.ConsumerCoordinator  : [Consumer clientId=fraud-detection-streams-b5128688-4882-403f-9ff5-9308843f8cc5-StreamThread-1-consumer, groupId=fraud-detection-streams] Discovered group coordinator localhost:9092 (id: 2147483646 rack: null isFenced: false)
2026-02-10T13:41:30.860Z  INFO 73525 --- [fraud-detection] [-StreamThread-1] o.a.k.c.c.internals.ConsumerCoordinator  : [Consumer clientId=fraud-detection-streams-b5128688-4882-403f-9ff5-9308843f8cc5-StreamThread-1-consumer, groupId=fraud-detection-streams] (Re-)joining group
2026-02-10T13:41:30.875Z  WARN 73525 --- [fraud-detection] [-StreamThread-1] org.apache.kafka.clients.NetworkClient   : [Consumer clientId=fraud-detection-streams-b5128688-4882-403f-9ff5-9308843f8cc5-StreamThread-1-consumer, groupId=fraud-detection-streams] The metadata response from the cluster reported a recoverable issue with correlation id 6 : {fraud-detection-streams-fraud-detection-store-repartition=UNKNOWN_TOPIC_OR_PARTITION}
2026-02-10T13:41:30.883Z  INFO 73525 --- [fraud-detection] [-StreamThread-1] o.a.k.c.c.internals.ConsumerCoordinator  : [Consumer clientId=fraud-detection-streams-b5128688-4882-403f-9ff5-9308843f8cc5-StreamThread-1-consumer, groupId=fraud-detection-streams] Group coordinator localhost:9092 (id: 2147483646 rack: null isFenced: false) is unavailable or invalid due to cause: error response NOT_COORDINATOR. isDisconnected: false. Rediscovery will be attempted.
2026-02-10T13:41:30.883Z  INFO 73525 --- [fraud-detection] [-StreamThread-1] o.a.k.c.c.internals.ConsumerCoordinator  : [Consumer clientId=fraud-detection-streams-b5128688-4882-403f-9ff5-9308843f8cc5-StreamThread-1-consumer, groupId=fraud-detection-streams] Requesting disconnect from last known coordinator localhost:9092 (id: 2147483646 rack: null isFenced: false)
2026-02-10T13:41:30.884Z  INFO 73525 --- [fraud-detection] [-StreamThread-1] o.a.k.c.c.internals.ConsumerCoordinator  : [Consumer clientId=fraud-detection-streams-b5128688-4882-403f-9ff5-9308843f8cc5-StreamThread-1-consumer, groupId=fraud-detection-streams] JoinGroup failed: This is not the correct coordinator. Marking coordinator unknown. Sent generation was Generation{generationId=-1, memberId='', protocol='null'}
2026-02-10T13:41:30.885Z  INFO 73525 --- [fraud-detection] [-StreamThread-1] org.apache.kafka.clients.NetworkClient   : [Consumer clientId=fraud-detection-streams-b5128688-4882-403f-9ff5-9308843f8cc5-StreamThread-1-consumer, groupId=fraud-detection-streams] Client requested disconnect from node 2147483646
2026-02-10T13:41:30.887Z  INFO 73525 --- [fraud-detection] [-StreamThread-1] o.a.k.c.c.internals.ConsumerCoordinator  : [Consumer clientId=fraud-detection-streams-b5128688-4882-403f-9ff5-9308843f8cc5-StreamThread-1-consumer, groupId=fraud-detection-streams] Discovered group coordinator localhost:9092 (id: 2147483646 rack: null isFenced: false)
2026-02-10T13:41:30.888Z  INFO 73525 --- [fraud-detection] [-StreamThread-1] o.a.k.c.c.internals.ConsumerCoordinator  : [Consumer clientId=fraud-detection-streams-b5128688-4882-403f-9ff5-9308843f8cc5-StreamThread-1-consumer, groupId=fraud-detection-streams] Group coordinator localhost:9092 (id: 2147483646 rack: null isFenced: false) is unavailable or invalid due to cause: coordinator unavailable. isDisconnected: false. Rediscovery will be attempted.
2026-02-10T13:41:30.888Z  INFO 73525 --- [fraud-detection] [-StreamThread-1] o.a.k.c.c.internals.ConsumerCoordinator  : [Consumer clientId=fraud-detection-streams-b5128688-4882-403f-9ff5-9308843f8cc5-StreamThread-1-consumer, groupId=fraud-detection-streams] Requesting disconnect from last known coordinator localhost:9092 (id: 2147483646 rack: null isFenced: false)
2026-02-10T13:41:30.888Z  INFO 73525 --- [fraud-detection] [ntainer#0-0-C-1] o.a.k.c.c.internals.ConsumerCoordinator  : [Consumer clientId=consumer-fraud-detection-to-score-consumer-1, groupId=fraud-detection-to-score-consumer] Discovered group coordinator localhost:9092 (id: 2147483646 rack: null isFenced: false)
2026-02-10T13:41:30.888Z  INFO 73525 --- [fraud-detection] [ntainer#0-0-C-1] o.a.k.c.c.internals.ConsumerCoordinator  : [Consumer clientId=consumer-fraud-detection-to-score-consumer-1, groupId=fraud-detection-to-score-consumer] (Re-)joining group
2026-02-10T13:41:30.891Z  INFO 73525 --- [fraud-detection] [ntainer#0-0-C-1] o.a.k.c.c.internals.ConsumerCoordinator  : [Consumer clientId=consumer-fraud-detection-to-score-consumer-1, groupId=fraud-detection-to-score-consumer] Group coordinator localhost:9092 (id: 2147483646 rack: null isFenced: false) is unavailable or invalid due to cause: error response NOT_COORDINATOR. isDisconnected: false. Rediscovery will be attempted.
2026-02-10T13:41:30.891Z  INFO 73525 --- [fraud-detection] [ntainer#0-0-C-1] o.a.k.c.c.internals.ConsumerCoordinator  : [Consumer clientId=consumer-fraud-detection-to-score-consumer-1, groupId=fraud-detection-to-score-consumer] Requesting disconnect from last known coordinator localhost:9092 (id: 2147483646 rack: null isFenced: false)
2026-02-10T13:41:30.892Z  INFO 73525 --- [fraud-detection] [ntainer#0-0-C-1] o.a.k.c.c.internals.ConsumerCoordinator  : [Consumer clientId=consumer-fraud-detection-to-score-consumer-1, groupId=fraud-detection-to-score-consumer] JoinGroup failed: This is not the correct coordinator. Marking coordinator unknown. Sent generation was Generation{generationId=-1, memberId='', protocol='null'}
2026-02-10T13:41:30.892Z  INFO 73525 --- [fraud-detection] [ntainer#0-0-C-1] org.apache.kafka.clients.NetworkClient   : [Consumer clientId=consumer-fraud-detection-to-score-consumer-1, groupId=fraud-detection-to-score-consumer] Client requested disconnect from node 2147483646
2026-02-10T13:41:30.893Z  INFO 73525 --- [fraud-detection] [ntainer#0-0-C-1] o.a.k.c.c.internals.ConsumerCoordinator  : [Consumer clientId=consumer-fraud-detection-to-score-consumer-1, groupId=fraud-detection-to-score-consumer] Discovered group coordinator localhost:9092 (id: 2147483646 rack: null isFenced: false)
2026-02-10T13:41:30.893Z  INFO 73525 --- [fraud-detection] [ntainer#0-0-C-1] o.a.k.c.c.internals.ConsumerCoordinator  : [Consumer clientId=consumer-fraud-detection-to-score-consumer-1, groupId=fraud-detection-to-score-consumer] Group coordinator localhost:9092 (id: 2147483646 rack: null isFenced: false) is unavailable or invalid due to cause: coordinator unavailable. isDisconnected: false. Rediscovery will be attempted.
2026-02-10T13:41:30.893Z  INFO 73525 --- [fraud-detection] [ntainer#0-0-C-1] o.a.k.c.c.internals.ConsumerCoordinator  : [Consumer clientId=consumer-fraud-detection-to-score-consumer-1, groupId=fraud-detection-to-score-consumer] Requesting disconnect from last known coordinator localhost:9092 (id: 2147483646 rack: null isFenced: false)
2026-02-10T13:41:30.956Z  INFO 73525 --- [fraud-detection] [-StreamThread-1] o.a.k.c.c.internals.ConsumerCoordinator  : [Consumer clientId=fraud-detection-streams-b5128688-4882-403f-9ff5-9308843f8cc5-StreamThread-1-consumer, groupId=fraud-detection-streams] Discovered group coordinator localhost:9092 (id: 2147483646 rack: null isFenced: false)
2026-02-10T13:41:30.957Z  INFO 73525 --- [fraud-detection] [-StreamThread-1] o.a.k.c.c.internals.ConsumerCoordinator  : [Consumer clientId=fraud-detection-streams-b5128688-4882-403f-9ff5-9308843f8cc5-StreamThread-1-consumer, groupId=fraud-detection-streams] Request joining group due to: rebalance failed due to 'This is not the correct coordinator.' (NotCoordinatorException)
2026-02-10T13:41:30.957Z  INFO 73525 --- [fraud-detection] [-StreamThread-1] o.a.k.c.c.internals.ConsumerCoordinator  : [Consumer clientId=fraud-detection-streams-b5128688-4882-403f-9ff5-9308843f8cc5-StreamThread-1-consumer, groupId=fraud-detection-streams] (Re-)joining group
2026-02-10T13:41:30.964Z  INFO 73525 --- [fraud-detection] [-StreamThread-1] o.a.k.c.c.internals.ConsumerCoordinator  : [Consumer clientId=fraud-detection-streams-b5128688-4882-403f-9ff5-9308843f8cc5-StreamThread-1-consumer, groupId=fraud-detection-streams] Group coordinator localhost:9092 (id: 2147483646 rack: null isFenced: false) is unavailable or invalid due to cause: error response NOT_COORDINATOR. isDisconnected: false. Rediscovery will be attempted.
2026-02-10T13:41:30.964Z  INFO 73525 --- [fraud-detection] [-StreamThread-1] o.a.k.c.c.internals.ConsumerCoordinator  : [Consumer clientId=fraud-detection-streams-b5128688-4882-403f-9ff5-9308843f8cc5-StreamThread-1-consumer, groupId=fraud-detection-streams] Requesting disconnect from last known coordinator localhost:9092 (id: 2147483646 rack: null isFenced: false)
2026-02-10T13:41:30.964Z  INFO 73525 --- [fraud-detection] [-StreamThread-1] o.a.k.c.c.internals.ConsumerCoordinator  : [Consumer clientId=fraud-detection-streams-b5128688-4882-403f-9ff5-9308843f8cc5-StreamThread-1-consumer, groupId=fraud-detection-streams] JoinGroup failed: This is not the correct coordinator. Marking coordinator unknown. Sent generation was Generation{generationId=-1, memberId='', protocol='null'}
2026-02-10T13:41:30.964Z  INFO 73525 --- [fraud-detection] [-StreamThread-1] org.apache.kafka.clients.NetworkClient   : [Consumer clientId=fraud-detection-streams-b5128688-4882-403f-9ff5-9308843f8cc5-StreamThread-1-consumer, groupId=fraud-detection-streams] Client requested disconnect from node 2147483646
2026-02-10T13:41:30.965Z  INFO 73525 --- [fraud-detection] [-StreamThread-1] o.a.k.c.c.internals.ConsumerCoordinator  : [Consumer clientId=fraud-detection-streams-b5128688-4882-403f-9ff5-9308843f8cc5-StreamThread-1-consumer, groupId=fraud-detection-streams] Discovered group coordinator localhost:9092 (id: 2147483646 rack: null isFenced: false)
2026-02-10T13:41:30.965Z  INFO 73525 --- [fraud-detection] [-StreamThread-1] o.a.k.c.c.internals.ConsumerCoordinator  : [Consumer clientId=fraud-detection-streams-b5128688-4882-403f-9ff5-9308843f8cc5-StreamThread-1-consumer, groupId=fraud-detection-streams] Group coordinator localhost:9092 (id: 2147483646 rack: null isFenced: false) is unavailable or invalid due to cause: coordinator unavailable. isDisconnected: false. Rediscovery will be attempted.
2026-02-10T13:41:30.966Z  INFO 73525 --- [fraud-detection] [-StreamThread-1] o.a.k.c.c.internals.ConsumerCoordinator  : [Consumer clientId=fraud-detection-streams-b5128688-4882-403f-9ff5-9308843f8cc5-StreamThread-1-consumer, groupId=fraud-detection-streams] Requesting disconnect from last known coordinator localhost:9092 (id: 2147483646 rack: null isFenced: false)
2026-02-10T13:41:30.991Z  INFO 73525 --- [fraud-detection] [ntainer#0-0-C-1] o.a.k.c.c.internals.ConsumerCoordinator  : [Consumer clientId=consumer-fraud-detection-to-score-consumer-1, groupId=fraud-detection-to-score-consumer] Discovered group coordinator localhost:9092 (id: 2147483646 rack: null isFenced: false)
2026-02-10T13:41:30.991Z  INFO 73525 --- [fraud-detection] [ntainer#0-0-C-1] o.a.k.c.c.internals.ConsumerCoordinator  : [Consumer clientId=consumer-fraud-detection-to-score-consumer-1, groupId=fraud-detection-to-score-consumer] Request joining group due to: rebalance failed due to 'This is not the correct coordinator.' (NotCoordinatorException)
2026-02-10T13:41:30.991Z  INFO 73525 --- [fraud-detection] [ntainer#0-0-C-1] o.a.k.c.c.internals.ConsumerCoordinator  : [Consumer clientId=consumer-fraud-detection-to-score-consumer-1, groupId=fraud-detection-to-score-consumer] (Re-)joining group
2026-02-10T13:41:30.993Z  INFO 73525 --- [fraud-detection] [ntainer#0-0-C-1] o.a.k.c.c.internals.ConsumerCoordinator  : [Consumer clientId=consumer-fraud-detection-to-score-consumer-1, groupId=fraud-detection-to-score-consumer] Group coordinator localhost:9092 (id: 2147483646 rack: null isFenced: false) is unavailable or invalid due to cause: error response NOT_COORDINATOR. isDisconnected: false. Rediscovery will be attempted.
2026-02-10T13:41:30.994Z  INFO 73525 --- [fraud-detection] [ntainer#0-0-C-1] o.a.k.c.c.internals.ConsumerCoordinator  : [Consumer clientId=consumer-fraud-detection-to-score-consumer-1, groupId=fraud-detection-to-score-consumer] Requesting disconnect from last known coordinator localhost:9092 (id: 2147483646 rack: null isFenced: false)
2026-02-10T13:41:30.994Z  INFO 73525 --- [fraud-detection] [ntainer#0-0-C-1] o.a.k.c.c.internals.ConsumerCoordinator  : [Consumer clientId=consumer-fraud-detection-to-score-consumer-1, groupId=fraud-detection-to-score-consumer] JoinGroup failed: This is not the correct coordinator. Marking coordinator unknown. Sent generation was Generation{generationId=-1, memberId='', protocol='null'}
2026-02-10T13:41:30.994Z  INFO 73525 --- [fraud-detection] [ntainer#0-0-C-1] org.apache.kafka.clients.NetworkClient   : [Consumer clientId=consumer-fraud-detection-to-score-consumer-1, groupId=fraud-detection-to-score-consumer] Client requested disconnect from node 2147483646
2026-02-10T13:41:30.995Z  INFO 73525 --- [fraud-detection] [ntainer#0-0-C-1] o.a.k.c.c.internals.ConsumerCoordinator  : [Consumer clientId=consumer-fraud-detection-to-score-consumer-1, groupId=fraud-detection-to-score-consumer] Discovered group coordinator localhost:9092 (id: 2147483646 rack: null isFenced: false)
2026-02-10T13:41:30.995Z  INFO 73525 --- [fraud-detection] [ntainer#0-0-C-1] o.a.k.c.c.internals.ConsumerCoordinator  : [Consumer clientId=consumer-fraud-detection-to-score-consumer-1, groupId=fraud-detection-to-score-consumer] Group coordinator localhost:9092 (id: 2147483646 rack: null isFenced: false) is unavailable or invalid due to cause: coordinator unavailable. isDisconnected: false. Rediscovery will be attempted.
2026-02-10T13:41:30.995Z  INFO 73525 --- [fraud-detection] [ntainer#0-0-C-1] o.a.k.c.c.internals.ConsumerCoordinator  : [Consumer clientId=consumer-fraud-detection-to-score-consumer-1, groupId=fraud-detection-to-score-consumer] Requesting disconnect from last known coordinator localhost:9092 (id: 2147483646 rack: null isFenced: false)
2026-02-10T13:41:31.053Z  WARN 73525 --- [fraud-detection] [-StreamThread-1] org.apache.kafka.clients.NetworkClient   : [Consumer clientId=fraud-detection-streams-b5128688-4882-403f-9ff5-9308843f8cc5-StreamThread-1-consumer, groupId=fraud-detection-streams] The metadata response from the cluster reported a recoverable issue with correlation id 15 : {fraud-detection-streams-fraud-detection-store-repartition=UNKNOWN_TOPIC_OR_PARTITION}
2026-02-10T13:41:31.053Z  INFO 73525 --- [fraud-detection] [-StreamThread-1] o.a.k.c.c.internals.ConsumerCoordinator  : [Consumer clientId=fraud-detection-streams-b5128688-4882-403f-9ff5-9308843f8cc5-StreamThread-1-consumer, groupId=fraud-detection-streams] Discovered group coordinator localhost:9092 (id: 2147483646 rack: null isFenced: false)
2026-02-10T13:41:31.053Z  INFO 73525 --- [fraud-detection] [-StreamThread-1] o.a.k.c.c.internals.ConsumerCoordinator  : [Consumer clientId=fraud-detection-streams-b5128688-4882-403f-9ff5-9308843f8cc5-StreamThread-1-consumer, groupId=fraud-detection-streams] Request joining group due to: rebalance failed due to 'This is not the correct coordinator.' (NotCoordinatorException)
2026-02-10T13:41:31.053Z  INFO 73525 --- [fraud-detection] [-StreamThread-1] o.a.k.c.c.internals.ConsumerCoordinator  : [Consumer clientId=fraud-detection-streams-b5128688-4882-403f-9ff5-9308843f8cc5-StreamThread-1-consumer, groupId=fraud-detection-streams] (Re-)joining group
2026-02-10T13:41:31.063Z  INFO 73525 --- [fraud-detection] [-StreamThread-1] o.a.k.c.c.internals.ConsumerCoordinator  : [Consumer clientId=fraud-detection-streams-b5128688-4882-403f-9ff5-9308843f8cc5-StreamThread-1-consumer, groupId=fraud-detection-streams] Request joining group due to: need to re-join with the given member-id: fraud-detection-streams-b5128688-4882-403f-9ff5-9308843f8cc5-StreamThread-1-consumer-f0b49923-54e8-40d0-a2f7-04e517f3ad6e
2026-02-10T13:41:31.064Z  INFO 73525 --- [fraud-detection] [-StreamThread-1] o.a.k.c.c.internals.ConsumerCoordinator  : [Consumer clientId=fraud-detection-streams-b5128688-4882-403f-9ff5-9308843f8cc5-StreamThread-1-consumer, groupId=fraud-detection-streams] (Re-)joining group
2026-02-10T13:41:31.076Z  INFO 73525 --- [fraud-detection] [-StreamThread-1] o.a.k.c.c.internals.ConsumerCoordinator  : [Consumer clientId=fraud-detection-streams-b5128688-4882-403f-9ff5-9308843f8cc5-StreamThread-1-consumer, groupId=fraud-detection-streams] Successfully joined group with generation Generation{generationId=1, memberId='fraud-detection-streams-b5128688-4882-403f-9ff5-9308843f8cc5-StreamThread-1-consumer-f0b49923-54e8-40d0-a2f7-04e517f3ad6e', protocol='stream'}
2026-02-10T13:41:31.101Z  INFO 73525 --- [fraud-detection] [ntainer#0-0-C-1] o.a.k.c.c.internals.ConsumerCoordinator  : [Consumer clientId=consumer-fraud-detection-to-score-consumer-1, groupId=fraud-detection-to-score-consumer] Discovered group coordinator localhost:9092 (id: 2147483646 rack: null isFenced: false)
2026-02-10T13:41:31.101Z  INFO 73525 --- [fraud-detection] [ntainer#0-0-C-1] o.a.k.c.c.internals.ConsumerCoordinator  : [Consumer clientId=consumer-fraud-detection-to-score-consumer-1, groupId=fraud-detection-to-score-consumer] Request joining group due to: rebalance failed due to 'This is not the correct coordinator.' (NotCoordinatorException)
2026-02-10T13:41:31.102Z  INFO 73525 --- [fraud-detection] [ntainer#0-0-C-1] o.a.k.c.c.internals.ConsumerCoordinator  : [Consumer clientId=consumer-fraud-detection-to-score-consumer-1, groupId=fraud-detection-to-score-consumer] (Re-)joining group
2026-02-10T13:41:31.104Z  INFO 73525 --- [fraud-detection] [ntainer#0-0-C-1] o.a.k.c.c.internals.ConsumerCoordinator  : [Consumer clientId=consumer-fraud-detection-to-score-consumer-1, groupId=fraud-detection-to-score-consumer] Request joining group due to: need to re-join with the given member-id: consumer-fraud-detection-to-score-consumer-1-1c9bdd9a-6b20-435b-941e-63865af0efbb
2026-02-10T13:41:31.104Z  INFO 73525 --- [fraud-detection] [ntainer#0-0-C-1] o.a.k.c.c.internals.ConsumerCoordinator  : [Consumer clientId=consumer-fraud-detection-to-score-consumer-1, groupId=fraud-detection-to-score-consumer] (Re-)joining group
2026-02-10T13:41:31.106Z  INFO 73525 --- [fraud-detection] [ntainer#0-0-C-1] o.a.k.c.c.internals.ConsumerCoordinator  : [Consumer clientId=consumer-fraud-detection-to-score-consumer-1, groupId=fraud-detection-to-score-consumer] Successfully joined group with generation Generation{generationId=1, memberId='consumer-fraud-detection-to-score-consumer-1-1c9bdd9a-6b20-435b-941e-63865af0efbb', protocol='range'}
2026-02-10T13:41:31.109Z  INFO 73525 --- [fraud-detection] [ntainer#0-0-C-1] o.a.k.c.c.internals.ConsumerCoordinator  : [Consumer clientId=consumer-fraud-detection-to-score-consumer-1, groupId=fraud-detection-to-score-consumer] Finished assignment for group at generation 1: {consumer-fraud-detection-to-score-consumer-1-1c9bdd9a-6b20-435b-941e-63865af0efbb=Assignment(partitions=[transactions-to-score-0, transactions-to-score-1, transactions-to-score-2])}
2026-02-10T13:41:31.121Z  INFO 73525 --- [fraud-detection] [ntainer#0-0-C-1] o.a.k.c.c.internals.ConsumerCoordinator  : [Consumer clientId=consumer-fraud-detection-to-score-consumer-1, groupId=fraud-detection-to-score-consumer] Successfully synced group in generation Generation{generationId=1, memberId='consumer-fraud-detection-to-score-consumer-1-1c9bdd9a-6b20-435b-941e-63865af0efbb', protocol='range'}
2026-02-10T13:41:31.122Z  INFO 73525 --- [fraud-detection] [ntainer#0-0-C-1] o.a.k.c.c.internals.ConsumerCoordinator  : [Consumer clientId=consumer-fraud-detection-to-score-consumer-1, groupId=fraud-detection-to-score-consumer] Notifying assignor about the new Assignment(partitions=[transactions-to-score-0, transactions-to-score-1, transactions-to-score-2])
2026-02-10T13:41:31.122Z  INFO 73525 --- [fraud-detection] [ntainer#0-0-C-1] k.c.c.i.ConsumerRebalanceListenerInvoker : [Consumer clientId=consumer-fraud-detection-to-score-consumer-1, groupId=fraud-detection-to-score-consumer] Adding newly assigned partitions: [transactions-to-score-0, transactions-to-score-1, transactions-to-score-2]
2026-02-10T13:41:31.130Z  INFO 73525 --- [fraud-detection] [ntainer#0-0-C-1] o.a.k.c.c.internals.ConsumerCoordinator  : [Consumer clientId=consumer-fraud-detection-to-score-consumer-1, groupId=fraud-detection-to-score-consumer] Found no committed offset for partition transactions-to-score-2
2026-02-10T13:41:31.130Z  INFO 73525 --- [fraud-detection] [ntainer#0-0-C-1] o.a.k.c.c.internals.ConsumerCoordinator  : [Consumer clientId=consumer-fraud-detection-to-score-consumer-1, groupId=fraud-detection-to-score-consumer] Found no committed offset for partition transactions-to-score-1
2026-02-10T13:41:31.130Z  INFO 73525 --- [fraud-detection] [ntainer#0-0-C-1] o.a.k.c.c.internals.ConsumerCoordinator  : [Consumer clientId=consumer-fraud-detection-to-score-consumer-1, groupId=fraud-detection-to-score-consumer] Found no committed offset for partition transactions-to-score-0
2026-02-10T13:41:31.143Z  INFO 73525 --- [fraud-detection] [ntainer#0-0-C-1] o.a.k.c.c.internals.SubscriptionState    : [Consumer clientId=consumer-fraud-detection-to-score-consumer-1, groupId=fraud-detection-to-score-consumer] Resetting offset for partition transactions-to-score-2 to position FetchPosition{offset=0, offsetEpoch=Optional.empty, currentLeader=LeaderAndEpoch{leader=Optional[localhost:9092 (id: 1 rack: null isFenced: false)], epoch=0}}.
2026-02-10T13:41:31.143Z  INFO 73525 --- [fraud-detection] [ntainer#0-0-C-1] o.a.k.c.c.internals.SubscriptionState    : [Consumer clientId=consumer-fraud-detection-to-score-consumer-1, groupId=fraud-detection-to-score-consumer] Resetting offset for partition transactions-to-score-1 to position FetchPosition{offset=0, offsetEpoch=Optional.empty, currentLeader=LeaderAndEpoch{leader=Optional[localhost:9092 (id: 1 rack: null isFenced: false)], epoch=0}}.
2026-02-10T13:41:31.143Z  INFO 73525 --- [fraud-detection] [ntainer#0-0-C-1] o.a.k.c.c.internals.SubscriptionState    : [Consumer clientId=consumer-fraud-detection-to-score-consumer-1, groupId=fraud-detection-to-score-consumer] Resetting offset for partition transactions-to-score-0 to position FetchPosition{offset=0, offsetEpoch=Optional.empty, currentLeader=LeaderAndEpoch{leader=Optional[localhost:9092 (id: 1 rack: null isFenced: false)], epoch=0}}.
2026-02-10T13:41:31.143Z  INFO 73525 --- [fraud-detection] [ntainer#0-0-C-1] o.s.k.l.KafkaMessageListenerContainer    : fraud-detection-to-score-consumer: partitions assigned: [transactions-to-score-0, transactions-to-score-1, transactions-to-score-2]
]]></system-out>
    <system-err><![CDATA[Mockito is currently self-attaching to enable the inline-mock-maker. This will no longer work in future releases of the JDK. Please add Mockito as an agent to your build as described in Mockito's documentation: https://javadoc.io/doc/org.mockito/mockito-core/latest/org.mockito/org/mockito/Mockito.html#0.3
WARNING: A Java agent has been loaded dynamically (/Users/tim.kelly/.m2/repository/net/bytebuddy/byte-buddy-agent/1.17.8/byte-buddy-agent-1.17.8.jar)
WARNING: If a serviceability tool is in use, please run with -XX:+EnableDynamicAgentLoading to hide this warning
WARNING: If a serviceability tool is not in use, please run with -Djdk.instrument.traceUsage for more information
WARNING: Dynamic loading of agents will be disallowed by default in a future release
]]></system-err>
  </testcase>
</testsuite>